TN:
SF:src/index.js
FN:21,resetBoard
FN:41,(anonymous_1)
FN:58,storeWin
FN:80,handleKeyPress
FN:97,moveRodRight
FN:104,moveRodLeft
FN:111,handleEnterKey
FN:118,startGame
FN:134,moveBall
FN:155,reverseBallXDirection
FN:160,handleCollisionWithRod1
FN:172,handleCollisionWithRod2
FNF:12
FNH:0
FNDA:0,resetBoard
FNDA:0,(anonymous_1)
FNDA:0,storeWin
FNDA:0,handleKeyPress
FNDA:0,moveRodRight
FNDA:0,moveRodLeft
FNDA:0,handleEnterKey
FNDA:0,startGame
FNDA:0,moveBall
FNDA:0,reverseBallXDirection
FNDA:0,handleCollisionWithRod1
FNDA:0,handleCollisionWithRod2
DA:2,1
DA:3,0
DA:4,0
DA:10,0
DA:11,0
DA:12,0
DA:14,0
DA:15,0
DA:16,0
DA:17,0
DA:22,0
DA:23,0
DA:24,0
DA:27,0
DA:28,0
DA:29,0
DA:30,0
DA:31,0
DA:32,0
DA:35,0
DA:36,0
DA:41,0
DA:42,0
DA:43,0
DA:45,0
DA:47,0
DA:48,0
DA:54,0
DA:59,0
DA:60,0
DA:61,0
DA:62,0
DA:65,0
DA:66,0
DA:68,0
DA:78,0
DA:81,0
DA:82,0
DA:84,0
DA:88,0
DA:89,0
DA:90,0
DA:91,0
DA:92,0
DA:98,0
DA:99,0
DA:100,0
DA:105,0
DA:106,0
DA:107,0
DA:112,0
DA:113,0
DA:119,0
DA:121,0
DA:122,0
DA:123,0
DA:124,0
DA:126,0
DA:127,0
DA:128,0
DA:129,0
DA:131,0
DA:135,0
DA:136,0
DA:138,0
DA:139,0
DA:141,0
DA:142,0
DA:145,0
DA:147,0
DA:148,0
DA:149,0
DA:150,0
DA:156,0
DA:161,0
DA:162,0
DA:164,0
DA:165,0
DA:166,0
DA:167,0
DA:173,0
DA:174,0
DA:176,0
DA:177,0
DA:178,0
DA:179,0
LF:86
LH:1
BRDA:27,0,0,0
BRDA:27,0,1,0
BRDA:30,1,0,0
BRDA:30,1,1,0
BRDA:45,2,0,0
BRDA:45,2,1,0
BRDA:45,3,0,0
BRDA:45,3,1,0
BRDA:59,4,0,0
BRDA:59,4,1,0
BRDA:84,5,0,0
BRDA:84,5,1,0
BRDA:85,6,0,0
BRDA:85,6,1,0
BRDA:89,7,0,0
BRDA:89,7,1,0
BRDA:89,8,0,0
BRDA:89,8,1,0
BRDA:91,9,0,0
BRDA:91,9,1,0
BRDA:112,10,0,0
BRDA:112,10,1,0
BRDA:141,11,0,0
BRDA:141,11,1,0
BRDA:141,12,0,0
BRDA:141,12,1,0
BRDA:147,13,0,0
BRDA:147,13,1,0
BRDA:149,14,0,0
BRDA:149,14,1,0
BRDA:165,15,0,0
BRDA:165,15,1,0
BRDA:165,16,0,0
BRDA:165,16,1,0
BRDA:177,17,0,0
BRDA:177,17,1,0
BRDA:177,18,0,0
BRDA:177,18,1,0
BRF:38
BRH:0
end_of_record
